Job launching after 0.16 seconds in submission.
Running python job.
Changed into dir /home/okz21/NNC/NN_compression/spearmint/sws_kd
Importing script.py
Running script.main()
Traceback (most recent call last):
  File "/home/okz21/spearmint-install/Spearmint-d9e95208e7a242669e2f76bfc838db79d740e8ab/spearmint/launcher.py", line 244, in launch
    result = python_launcher(job)
  File "/home/okz21/spearmint-install/Spearmint-d9e95208e7a242669e2f76bfc838db79d740e8ab/spearmint/launcher.py", line 328, in python_launcher
    result = module.main(job['id'], params)
  File "/home/okz21/NNC/NN_compression/spearmint/sws_kd/script.py", line 13, in main
    acc, sp = retrain_model(alpha, beta, float(params['tau']), 0, int(params['mixtures']), 'SWSModel', 'search', savedir)
  File "../../src/retrain_model.py", line 56, in retrain_model
    model, loss = retrain_sws_epoch(model, gmp, opt_weight, opt_gmp, opt_gmp2, criterion, loader, tau)
  File "../../src/utils_model.py", line 122, in retrain_sws_epoch
    gmp_loss = tau * gmp.call()
  File "../../src/utils_sws.py", line 67, in call
    loss = Variable(torch.cuda.FloatTensor([0.]), requires_grad=True)
KeyboardInterrupt
Problem executing the function
Job failed in 170.50 seconds.
{'var': array([8.04769685]), 'mixtures': array([16]), 'mean': array([99651.00179776]), 'tau': array([0.00070158])}
0-component Mean: 2500.0 Variance: 1250.0
Non-zero component Mean: 99651.0017977648 Variance: 8.047696849376768
Epoch: 10. Test Accuracy: 98.77
Epoch: 20. Test Accuracy: 98.07
(<class 'KeyboardInterrupt'>, KeyboardInterrupt(), <traceback object at 0x7f4551aa3288>)
