Job launching after 0.16 seconds in submission.
Running python job.
Changed into dir /home/okz21/NNC/NN_compression/spearmint/sws_kd
Importing script.py
Running script.main()
Traceback (most recent call last):
  File "/home/okz21/spearmint-install/Spearmint-d9e95208e7a242669e2f76bfc838db79d740e8ab/spearmint/launcher.py", line 244, in launch
    result = python_launcher(job)
  File "/home/okz21/spearmint-install/Spearmint-d9e95208e7a242669e2f76bfc838db79d740e8ab/spearmint/launcher.py", line 328, in python_launcher
    result = module.main(job['id'], params)
  File "/home/okz21/NNC/NN_compression/spearmint/sws_kd/script.py", line 13, in main
    acc, sp = retrain_model(alpha, beta, float(params['tau']), 0, int(params['mixtures']), 'SWSModel', 'search', savedir)
  File "../../src/retrain_model.py", line 56, in retrain_model
    model, loss = retrain_sws_epoch(model, gmp, opt_weight, opt_gmp, opt_gmp2, criterion, loader, tau)
  File "../../src/utils_model.py", line 122, in retrain_sws_epoch
    gmp_loss = tau * gmp.call()
  File "../../src/utils_sws.py", line 82, in call
    weight_loss = self.compute_loss(weights, mixing_proportions, means, precision)
  File "../../src/utils_sws.py", line 115, in compute_loss
    return -log_likelihood.sum()
KeyboardInterrupt
Problem executing the function
Job failed in 8.56 seconds.
{'mixtures': array([13]), 'tau': array([0.00060665]), 'var': array([74.99687275]), 'mean': array([99908.04836916])}
0-component Mean: 2500.0 Variance: 1250.0
Non-zero component Mean: 99908.04836916435 Variance: 74.99687274631093
(<class 'KeyboardInterrupt'>, KeyboardInterrupt(), <traceback object at 0x7f1f87d5cf88>)
