Job launching after 0.16 seconds in submission.
Running python job.
Changed into dir /home/okz21/NNC/NN_compression/spearmint/sws_kd
Importing script.py
Running script.main()
Traceback (most recent call last):
  File "/home/okz21/spearmint-install/Spearmint-d9e95208e7a242669e2f76bfc838db79d740e8ab/spearmint/launcher.py", line 244, in launch
    result = python_launcher(job)
  File "/home/okz21/spearmint-install/Spearmint-d9e95208e7a242669e2f76bfc838db79d740e8ab/spearmint/launcher.py", line 328, in python_launcher
    result = module.main(job['id'], params)
  File "/home/okz21/NNC/NN_compression/spearmint/sws_kd/script.py", line 13, in main
    acc, sp = retrain_model(alpha, beta, float(params['tau']), float(params['temp']), int(params['mixtures']), 'SWSModel', 'search', savedir)
  File "../../src/retrain_model.py", line 24, in retrain_model
    val_data_full = Variable(search_validation_data(fetch='data')).cuda()
  File "/anaconda/envs/py35/lib/python3.5/site-packages/torch/autograd/variable.py", line 298, in cuda
    return CudaTransfer.apply(self, device, async)
  File "/anaconda/envs/py35/lib/python3.5/site-packages/torch/autograd/_functions/tensor.py", line 201, in forward
    return i.cuda(async=async)
  File "/anaconda/envs/py35/lib/python3.5/site-packages/torch/_utils.py", line 69, in _cuda
    return new_type(self.size()).copy_(self, async)
  File "/anaconda/envs/py35/lib/python3.5/site-packages/torch/cuda/__init__.py", line 387, in _lazy_new
    return super(_CudaBase, cls).__new__(cls, *args, **kwargs)
KeyboardInterrupt
Problem executing the function
Job failed in 3.91 seconds.
{'var': array([50.005]), 'mean': array([50000.0005]), 'mixtures': array([9]), 'tau': array([0.00050001]), 'temp': array([11])}
(<class 'KeyboardInterrupt'>, KeyboardInterrupt(), <traceback object at 0x7f0e43335b88>)
