Job launching after 0.16 seconds in submission.
Running python job.
Changed into dir /home/okz21/NNC/NN_compression/spearmint/sws_kd
Importing script.py
Running script.main()
Traceback (most recent call last):
  File "/home/okz21/spearmint-install/Spearmint-d9e95208e7a242669e2f76bfc838db79d740e8ab/spearmint/launcher.py", line 244, in launch
    result = python_launcher(job)
  File "/home/okz21/spearmint-install/Spearmint-d9e95208e7a242669e2f76bfc838db79d740e8ab/spearmint/launcher.py", line 328, in python_launcher
    result = module.main(job['id'], params)
  File "/home/okz21/NNC/NN_compression/spearmint/sws_kd/script.py", line 13, in main
    acc, sp = retrain_model(alpha, beta, float(params['tau']), float(params['temp']), int(params['mixtures']), 'SWSModel', 'search', savedir)
  File "../../src/retrain_model.py", line 58, in retrain_model
    model, loss = retrain_sws_epoch(model, gmp, opt_weight, opt_gmp, opt_gmp2, criterion, loader, tau)
  File "../../src/utils_model.py", line 122, in retrain_sws_epoch
    gmp_loss = tau * gmp.call()
  File "../../src/utils_sws.py", line 72, in call
    min_rho = self.rhos.min()
KeyboardInterrupt
Problem executing the function
Job failed in 298.67 seconds.
{'tau': array([1.e-08]), 'mixtures': array([3]), 'var': array([0.01]), 'mean': array([0.001]), 'temp': array([2])}
0-component Mean: 2500.0 Variance: 1250.0
Non-zero component Mean: 0.001 Variance: 0.009999999999999998
Epoch: 10. Test Accuracy: 98.58
Epoch: 20. Test Accuracy: 98.56
Epoch: 30. Test Accuracy: 98.41
Epoch: 40. Test Accuracy: 98.47
(<class 'KeyboardInterrupt'>, KeyboardInterrupt(), <traceback object at 0x7fc500bcb748>)
